<?xml version="1.0" encoding="UTF-8"?>
<testng-results skipped="0" failed="0" ignored="0" total="2" passed="2">
  <reporter-output>
  </reporter-output>
  <suite name="Suite" duration-ms="55" started-at="2019-08-27T17:50:27Z" finished-at="2019-08-27T17:50:27Z">
    <groups>
    </groups>
    <test name="Test" duration-ms="55" started-at="2019-08-27T17:50:27Z" finished-at="2019-08-27T17:50:27Z">
      <class name="testFeature.AppLoginFeatureTest">
        <test-method status="PASS" signature="test1()[pri:0, instance:testFeature.AppLoginFeatureTest@4a31c2ee]" name="test1" duration-ms="12" started-at="2019-08-27T17:50:27Z" finished-at="2019-08-27T17:50:27Z">
          <reporter-output>
          </reporter-output>
        </test-method> <!-- test1 -->
        <test-method status="PASS" signature="test2()[pri:0, instance:testFeature.AppLoginFeatureTest@4a31c2ee]" name="test2" duration-ms="0" started-at="2019-08-27T17:50:27Z" finished-at="2019-08-27T17:50:27Z">
          <reporter-output>
          </reporter-output>
        </test-method> <!-- test2 -->
      </class> <!-- testFeature.AppLoginFeatureTest -->
    </test> <!-- Test -->
  </suite> <!-- Suite -->
</testng-results>
